2022-01-03 00:00:06,543 - INFO - Succeeded to update department: name "R&D", description "Providing insights into the market and developing new services."
2022-01-03 00:00:35,567 - INFO - Succeeded to update department: name "Management", description "The coordination of human, financial, information resources."
2022-01-03 00:01:25,993 - INFO - Succeeded to update department: name "Finance", description "Acquiring and managing funds within the organization."
2022-01-03 00:05:17,799 - INFO - Succeeded to add employee with name "Mary Gibson", birth_date: "1997-07-10 00:00:00", salary: "1500" and department: "Management"
2022-01-03 00:05:33,482 - INFO - Succeeded to edit employee with name "Mary Gibson", birth_date: "1997-07-10 00:00:00", salary: "2500" and department: "Management"
2022-01-03 00:06:05,683 - INFO - Failed to edit employee: only whitespaces in employee name.
2022-01-03 00:06:31,967 - INFO - Succeeded to edit employee with name "Jennifer Bales", birth_date: "2002-03-08 00:00:00", salary: "1300" and department: "R&D"
2022-01-03 00:07:11,405 - INFO - Search by period between dates: from "1990-02-15 00:00:00" to "2022-01-03 00:00:00"
2022-01-03 00:07:28,670 - INFO - Search by period between dates: from "2000-06-01 00:00:00" to "2022-01-03 00:00:00"
2022-01-03 00:08:06,555 - INFO - Search by exact date: "1997-07-10 00:00:00"
2022-01-03 00:12:12,808 - INFO - Failed to add a new department: department with name Management already exists
2022-01-03 21:25:22,060 - INFO - Failed to delete department with fake uuid: fake_uuid
2022-01-04 00:34:56,650 - INFO - Succeeded to edit employee with name "Jennifer Bales", birth_date: "2002-03-09 00:00:00", salary: "1300" and department: "R&D"
2022-01-04 00:36:34,976 - INFO - Failed to delete department with fake uuid: fake_uuid
2022-01-04 00:36:35,061 - INFO - Succeeded to delete department with name: "Finance"
2022-01-04 00:36:35,454 - INFO - Succeeded to add department: name "Finance", description "Some finance department."
2022-01-04 00:36:36,862 - INFO - Failed to delete employee with fake uuid: fake_uuid
2022-01-04 00:36:36,925 - INFO - Succeeded to delete employee with name: "Joe Travis"
2022-01-04 00:36:37,418 - INFO - Succeeded to add employee with name "Joe Travis"
2022-01-04 23:09:16,906 - INFO - Failed to delete department with fake uuid: fake_uuid
2022-01-04 23:09:16,969 - INFO - Succeeded to delete department with name: "Finance"
2022-01-04 23:09:17,282 - INFO - Succeeded to add department: name "Finance", description "Some finance department."
2022-01-04 23:09:18,543 - INFO - Failed to delete employee with fake uuid: fake_uuid
2022-01-04 23:09:18,600 - INFO - Succeeded to delete employee with name: "Joe Travis"
2022-01-04 23:09:18,929 - INFO - Succeeded to add employee with name "Joe Travis"
2022-01-05 01:33:02,107 - INFO - Succeeded to add department: name "Management", description "The coordination of human, financial, information resources."
2022-01-05 01:33:27,844 - INFO - Succeeded to add department: name "Finance", description "Acquiring and managing funds within the organization."
2022-01-05 01:33:49,259 - INFO - Succeeded to add department: name "R&D", description "Providing insights into the market and developing new services."
2022-01-05 01:35:44,938 - INFO - Succeeded to add employee with name "Kevin Brown"
2022-01-05 01:36:17,592 - INFO - Succeeded to add employee with name "Terry Duffy"
2022-01-05 01:37:35,644 - INFO - Succeeded to add employee with name "Mary Wood"
2022-01-05 01:38:19,626 - INFO - Succeeded to add employee with name "Janice Galvin"
2022-01-05 01:38:56,862 - INFO - Succeeded to add employee with name "James Hamilton"
2022-01-05 01:40:17,199 - INFO - Succeeded to add employee with name "Margie Simon"
2022-01-05 01:43:11,015 - INFO - Failed to add a new department: department with name Management already exists
2022-01-05 02:11:56,560 - INFO - Failed to add a new department: department with name Management already exists
2022-01-05 02:12:34,405 - INFO - Failed to find employee with uuid: "febddb8d-6b2b-48a6-ab56-24d2c500a320"
2022-01-05 02:20:28,775 - INFO - Succeeded to edit employee with name "Kevin Brown", birth_date: "2000-03-09 00:00:00", salary: "2000" and department: "Management"
2022-01-05 02:21:16,471 - INFO - Succeeded to edit employee with name "Kevin Brown", birth_date: "2000-03-09 00:00:00", salary: "2000" and department: "R&D"
2022-01-05 02:25:57,865 - INFO - Succeeded to add employee with name "Sony Lu"
2022-01-05 02:32:18,765 - INFO - Succeeded to edit employee with name "Sony Lu", birth_date: "2002-03-08 00:00:00", salary: "800" and department: "Finance"
2022-01-05 02:33:09,828 - INFO - Succeeded to delete employee with name: "Sony Lu"
2022-01-05 02:34:28,546 - INFO - Succeeded to edit employee with name "Sony Luu", birth_date: "2002-03-08 00:00:00", salary: "800" and department: "Finance"
2022-01-05 02:35:23,870 - INFO - Succeeded to edit employee with name "Boby Parker", birth_date: "2002-03-08 00:00:00", salary: "800" and department: "Management"
2022-01-05 02:35:58,633 - INFO - Succeeded to edit employee with name "Boby Parker", birth_date: "2002-03-08 00:00:00", salary: "1000" and department: "Management"
2022-01-05 02:38:22,207 - INFO - Succeeded to add employee with name "John Arthur"
2022-01-05 02:38:31,331 - INFO - Succeeded to delete employee with name: "John Arthur"
2022-01-05 02:38:34,355 - INFO - Succeeded to delete employee with name: "Sony Luu"
2022-01-05 02:39:30,446 - INFO - Search by exact date: "2000-05-04 00:00:00"
2022-01-05 02:39:47,406 - INFO - Search by exact date: "2000-03-09 00:00:00"
2022-01-05 02:40:54,977 - INFO - Failed to add a new department: department with name Management already exists
2022-01-05 02:41:09,275 - INFO - Succeeded to add department: name "Management2", description "Management department description."
2022-01-05 02:42:17,122 - INFO - Succeeded to update department: name "Management222", description "Management department description."
2022-01-05 02:42:47,749 - INFO - Succeeded to delete department with name: "Management222"
2022-01-05 02:47:11,258 - INFO - Succeeded to add employee with name "Jack Ribon"
2022-01-05 02:50:04,148 - INFO - Succeeded to edit employee with name "Jack Ribon", birth_date: "2002-07-08 00:00:00", salary: "1000" and department: "Finance"
2022-01-05 02:51:49,359 - INFO - Succeeded to delete employee with name: "Boby Parker"
2022-01-05 02:53:49,010 - INFO - Succeeded to edit employee with name "Jack Ribon", birth_date: "2002-07-08 00:00:00", salary: "1000" and department: "Finance"
2022-01-05 02:55:16,835 - INFO - Succeeded to add employee with name "Bob Brown", birth_date: "2002-07-08 00:00:00", salary: "1000" and department: "R&D"
2022-01-05 02:55:45,187 - INFO - Succeeded to delete employee with name: "Bob Brown"
2022-01-05 03:10:36,509 - INFO - Succeeded to edit employee with name "Jack Ribons", birth_date: "2002-07-08 00:00:00", salary: "1000" and department: "Finance"
2022-01-05 03:12:32,995 - INFO - Succeeded to edit employee with name "Bob Parker" 
2022-01-05 03:14:39,249 - INFO - Succeeded to add employee with name "Sam Lous", birth_date: "2000-08-08 00:00:00", salary: "2000" and department: "R&D"
2022-01-05 03:15:02,376 - INFO - Succeeded to delete employee with name: "Sam Lous"
